<?xml version="1.0" encoding="UTF-8"?>
<testsuite xmlns:xsi="http://www.w3.org/2001/XMLSchema-instance" xsi:schemaLocation="https://maven.apache.org/surefire/maven-surefire-plugin/xsd/surefire-test-report.xsd" name="TestSuite" time="1.179" tests="4" errors="0" skipped="0" failures="0">
  <properties>
[...]
</properties>
  <testcase name="createContactTest" classname="Pac1.ContactTest" time="0.024"/>
  <testcase name="modifyContactTest" classname="Pac1.ContactTest" time="0.001"/>
  <testcase name="createOrgTest" classname="Pac2.OrgTest" time="0.002"/>
  <testcase name="modifyOrgTest" classname="Pac2.OrgTest" time="0.006"/>
</testsuite>