<?xml version="1.0" encoding="UTF-8"?>
<testng-results ignored="0" total="4" passed="4" failed="0" skipped="0">
  <reporter-output>
  </reporter-output>
  <suite started-at="2024-07-13T15:54:03 IST" name="Suite" finished-at="2024-07-13T15:54:03 IST" duration-ms="105">
    <groups>
    </groups>
    <test started-at="2024-07-13T15:54:03 IST" name="Test" finished-at="2024-07-13T15:54:03 IST" duration-ms="105">
      <class name="Pac2.OrgTest">
        <test-method signature="createOrgTest()[pri:0, instance:Pac2.OrgTest@56de5251]" started-at="2024-07-13T15:54:03 IST" name="createOrgTest" finished-at="2024-07-13T15:54:03 IST" duration-ms="0" status="PASS">
          <reporter-output>
          </reporter-output>
        </test-method> <!-- createOrgTest -->
        <test-method signature="modifyOrgTest()[pri:0, instance:Pac2.OrgTest@56de5251]" started-at="2024-07-13T15:54:03 IST" name="modifyOrgTest" finished-at="2024-07-13T15:54:03 IST" duration-ms="3" status="PASS">
          <reporter-output>
          </reporter-output>
        </test-method> <!-- modifyOrgTest -->
      </class> <!-- Pac2.OrgTest -->
      <class name="Pac1.ContactTest">
        <test-method signature="createContactTest()[pri:0, instance:Pac1.ContactTest@43301423]" started-at="2024-07-13T15:54:03 IST" name="createContactTest" finished-at="2024-07-13T15:54:03 IST" duration-ms="11" status="PASS">
          <reporter-output>
          </reporter-output>
        </test-method> <!-- createContactTest -->
        <test-method signature="modifyContactTest()[pri:0, instance:Pac1.ContactTest@43301423]" started-at="2024-07-13T15:54:03 IST" name="modifyContactTest" finished-at="2024-07-13T15:54:03 IST" duration-ms="4" status="PASS">
          <reporter-output>
          </reporter-output>
        </test-method> <!-- modifyContactTest -->
      </class> <!-- Pac1.ContactTest -->
    </test> <!-- Test -->
  </suite> <!-- Suite -->
</testng-results>
