<?xml version="1.0" encoding="UTF-8"?>
<!-- Generated by org.testng.reporters.JUnitXMLReporter -->
<testsuite ignored="0" hostname="DESKTOP-Q7S0LT0" failures="0" tests="4" name="Test" time="0.105" errors="0" timestamp="2024-07-13T15:54:03 IST">
  <testcase classname="Pac1.ContactTest" name="createContactTest" time="0.011"/>
  <testcase classname="Pac1.ContactTest" name="modifyContactTest" time="0.004"/>
  <testcase classname="Pac2.OrgTest" name="createOrgTest" time="0.0"/>
  <testcase classname="Pac2.OrgTest" name="modifyOrgTest" time="0.003"/>
</testsuite> <!-- Test -->
